{"D:\\Code\\React\\Pokemon\\pokemon\\src\\components\\reducer.ts": {"path":"D:\\Code\\React\\Pokemon\\pokemon\\src\\components\\reducer.ts","statementMap":{"0":{"start":{"line":1,"column":13},"end":{"line":16,"column":null}},"1":{"start":{"line":35,"column":30},"end":{"line":37,"column":1}},"2":{"start":{"line":36,"column":4},"end":{"line":36,"column":null}},"3":{"start":{"line":35,"column":13},"end":{"line":35,"column":30}}},"fnMap":{"0":{"name":"(anonymous_0)","decl":{"start":{"line":35,"column":30},"end":{"line":35,"column":31}},"loc":{"start":{"line":35,"column":103},"end":{"line":37,"column":1}}}},"branchMap":{},"s":{"0":1,"1":1,"2":0,"3":1},"f":{"0":0},"b":{}}
,"D:\\Code\\React\\Pokemon\\pokemon\\src\\components\\statTable.tsx": {"path":"D:\\Code\\React\\Pokemon\\pokemon\\src\\components\\statTable.tsx","statementMap":{"0":{"start":{"line":1,"column":0},"end":{"line":1,"column":39}},"1":{"start":{"line":4,"column":25},"end":{"line":31,"column":1}},"2":{"start":{"line":5,"column":25},"end":{"line":5,"column":30}},"3":{"start":{"line":6,"column":15},"end":{"line":15,"column":null}},"4":{"start":{"line":7,"column":64},"end":{"line":7,"column":77}},"5":{"start":{"line":16,"column":2},"end":{"line":30,"column":4}},"6":{"start":{"line":23,"column":12},"end":{"line":25,"column":null}},"7":{"start":{"line":4,"column":13},"end":{"line":4,"column":25}}},"fnMap":{"0":{"name":"(anonymous_0)","decl":{"start":{"line":4,"column":25},"end":{"line":4,"column":26}},"loc":{"start":{"line":4,"column":63},"end":{"line":31,"column":1}}},"1":{"name":"(anonymous_1)","decl":{"start":{"line":7,"column":50},"end":{"line":7,"column":51}},"loc":{"start":{"line":7,"column":64},"end":{"line":7,"column":77}}},"2":{"name":"(anonymous_2)","decl":{"start":{"line":22,"column":19},"end":{"line":22,"column":20}},"loc":{"start":{"line":22,"column":63},"end":{"line":26,"column":11}}}},"branchMap":{},"s":{"0":1,"1":1,"2":0,"3":0,"4":0,"5":0,"6":0,"7":1},"f":{"0":0,"1":0,"2":0},"b":{}}
,"D:\\Code\\React\\Pokemon\\pokemon\\src\\helper\\index.ts": {"path":"D:\\Code\\React\\Pokemon\\pokemon\\src\\helper\\index.ts","statementMap":{"0":{"start":{"line":1,"column":23},"end":{"line":3,"column":1}},"1":{"start":{"line":2,"column":4},"end":{"line":2,"column":null}},"2":{"start":{"line":1,"column":13},"end":{"line":1,"column":23}},"3":{"start":{"line":5,"column":26},"end":{"line":7,"column":1}},"4":{"start":{"line":6,"column":3},"end":{"line":6,"column":null}},"5":{"start":{"line":5,"column":13},"end":{"line":5,"column":26}},"6":{"start":{"line":9,"column":28},"end":{"line":31,"column":1}},"7":{"start":{"line":10,"column":2},"end":{"line":12,"column":null}},"8":{"start":{"line":11,"column":4},"end":{"line":11,"column":14}},"9":{"start":{"line":13,"column":21},"end":{"line":13,"column":23}},"10":{"start":{"line":15,"column":2},"end":{"line":28,"column":null}},"11":{"start":{"line":16,"column":19},"end":{"line":16,"column":23}},"12":{"start":{"line":18,"column":4},"end":{"line":23,"column":null}},"13":{"start":{"line":18,"column":17},"end":{"line":18,"column":18}},"14":{"start":{"line":19,"column":6},"end":{"line":22,"column":null}},"15":{"start":{"line":20,"column":8},"end":{"line":20,"column":25}},"16":{"start":{"line":21,"column":8},"end":{"line":21,"column":14}},"17":{"start":{"line":25,"column":4},"end":{"line":27,"column":null}},"18":{"start":{"line":26,"column":6},"end":{"line":26,"column":31}},"19":{"start":{"line":30,"column":2},"end":{"line":30,"column":20}},"20":{"start":{"line":9,"column":13},"end":{"line":9,"column":28}}},"fnMap":{"0":{"name":"(anonymous_0)","decl":{"start":{"line":1,"column":23},"end":{"line":1,"column":24}},"loc":{"start":{"line":1,"column":35},"end":{"line":3,"column":1}}},"1":{"name":"(anonymous_1)","decl":{"start":{"line":5,"column":26},"end":{"line":5,"column":27}},"loc":{"start":{"line":5,"column":41},"end":{"line":7,"column":1}}},"2":{"name":"(anonymous_2)","decl":{"start":{"line":9,"column":28},"end":{"line":9,"column":29}},"loc":{"start":{"line":9,"column":45},"end":{"line":31,"column":1}}}},"branchMap":{"0":{"loc":{"start":{"line":2,"column":12},"end":{"line":2,"column":54}},"type":"binary-expr","locations":[{"start":{"line":2,"column":12},"end":{"line":2,"column":16}},{"start":{"line":2,"column":20},"end":{"line":2,"column":39}},{"start":{"line":2,"column":43},"end":{"line":2,"column":54}}]},"1":{"loc":{"start":{"line":10,"column":2},"end":{"line":12,"column":null}},"type":"if","locations":[{"start":{"line":10,"column":2},"end":{"line":12,"column":null}}]},"2":{"loc":{"start":{"line":19,"column":6},"end":{"line":22,"column":null}},"type":"if","locations":[{"start":{"line":19,"column":6},"end":{"line":22,"column":null}}]},"3":{"loc":{"start":{"line":25,"column":4},"end":{"line":27,"column":null}},"type":"if","locations":[{"start":{"line":25,"column":4},"end":{"line":27,"column":null}}]}},"s":{"0":1,"1":0,"2":1,"3":1,"4":0,"5":1,"6":1,"7":0,"8":0,"9":0,"10":0,"11":0,"12":0,"13":0,"14":0,"15":0,"16":0,"17":0,"18":0,"19":0,"20":1},"f":{"0":0,"1":0,"2":0},"b":{"0":[0,0,0],"1":[0],"2":[0],"3":[0]}}
}
