TN:
SF:src\components\reducer.ts
FN:35,(anonymous_0)
FNF:1
FNH:0
FNDA:0,(anonymous_0)
DA:1,1
DA:35,1
DA:36,0
LF:3
LH:2
BRF:0
BRH:0
end_of_record
TN:
SF:src\components\statTable.tsx
FN:4,(anonymous_0)
FN:7,(anonymous_1)
FN:22,(anonymous_2)
FNF:3
FNH:0
FNDA:0,(anonymous_0)
FNDA:0,(anonymous_1)
FNDA:0,(anonymous_2)
DA:1,1
DA:4,1
DA:5,0
DA:6,0
DA:7,0
DA:16,0
DA:23,0
LF:7
LH:2
BRF:0
BRH:0
end_of_record
TN:
SF:src\helper\index.ts
FN:1,(anonymous_0)
FN:5,(anonymous_1)
FN:9,(anonymous_2)
FNF:3
FNH:0
FNDA:0,(anonymous_0)
FNDA:0,(anonymous_1)
FNDA:0,(anonymous_2)
DA:1,1
DA:2,0
DA:5,1
DA:6,0
DA:9,1
DA:10,0
DA:11,0
DA:13,0
DA:15,0
DA:16,0
DA:18,0
DA:19,0
DA:20,0
DA:21,0
DA:25,0
DA:26,0
DA:30,0
LF:17
LH:3
BRDA:2,0,0,0
BRDA:2,0,1,0
BRDA:2,0,2,0
BRDA:10,1,0,0
BRDA:19,2,0,0
BRDA:25,3,0,0
BRF:6
BRH:0
end_of_record
